# JRE version: OpenJDK Runtime Environment (21.0.8) (build 21.0.8+-14196175-b1038.72)
# Java VM: OpenJDK 64-Bit Server VM (21.0.8+-14196175-b1038.72, mixed mode, tiered, compressed oops, compressed class ptrs, g1 gc, windows-amd64)
GC Precious Log:
 CardTable entry size: 512
 Card Set container configuration: InlinePtr #cards 4 size 8 Array Of Cards #cards 64 size 144 Howl #buckets 8 coarsen threshold 14745 Howl Bitmap #cards 2048 size 272 coarsen threshold 1843 Card regions per heap region 1 cards per card region 16384
 CPUs: 32 total, 32 available
 Memory: 65236M
 Large Page Support: Disabled
 NUMA Support: Disabled
 Compressed Oops: Enabled (Zero based)
 Heap Region Size: 8M
 Heap Min Capacity: 8M
 Heap Initial Capacity: 1G
 Heap Max Capacity: 16312M
 Pre-touch: Disabled
 Parallel Workers: 23
 Concurrent Workers: 6
 Concurrent Refinement Workers: 23
 Periodic GC: Disabled
Heap:
 garbage-first heap   total 73728K, used 37966K [0x0000000404800000, 0x0000000800000000)
  region size 8192K, 5 young (40960K), 2 survivors (16384K)
 Metaspace       used 27601K, committed 27840K, reserved 1114112K
  class space    used 3026K, committed 3136K, reserved 1048576K
GC Heap History (6 events):
Event: 0.311 GC heap before
{Heap before GC invocations=0 (full 0):
 garbage-first heap   total 1048576K, used 40960K [0x0000000404800000, 0x0000000800000000)
  region size 8192K, 6 young (49152K), 0 survivors (0K)
 Metaspace       used 18913K, committed 19072K, reserved 1114112K
  class space    used 1908K, committed 1984K, reserved 1048576K
}
Event: 0.316 GC heap after
{Heap after GC invocations=1 (full 0):
 garbage-first heap   total 1048576K, used 7206K [0x0000000404800000, 0x0000000800000000)
  region size 8192K, 1 young (8192K), 1 survivors (8192K)
 Metaspace       used 18913K, committed 19072K, reserved 1114112K
  class space    used 1908K, committed 1984K, reserved 1048576K
}
Event: 0.363 GC heap before
{Heap before GC invocations=1 (full 0):
 garbage-first heap   total 1048576K, used 15398K [0x0000000404800000, 0x0000000800000000)
  region size 8192K, 3 young (24576K), 1 survivors (8192K)
 Metaspace       used 21301K, committed 21504K, reserved 1114112K
  class space    used 2233K, committed 2304K, reserved 1048576K
}
Event: 0.367 GC heap after
{Heap after GC invocations=2 (full 0):
 garbage-first heap   total 1048576K, used 7603K [0x0000000404800000, 0x0000000800000000)
  region size 8192K, 1 young (8192K), 1 survivors (8192K)
 Metaspace       used 21301K, committed 21504K, reserved 1114112K
  class space    used 2233K, committed 2304K, reserved 1048576K
}
Event: 0.515 GC heap before
{Heap before GC invocations=3 (full 0):
 garbage-first heap   total 57344K, used 48563K [0x0000000404800000, 0x0000000800000000)
  region size 8192K, 6 young (49152K), 1 survivors (8192K)
 Metaspace       used 25559K, committed 25920K, reserved 1114112K
  class space    used 2767K, committed 2944K, reserved 1048576K
}
Event: 0.519 GC heap after
{Heap after GC invocations=4 (full 0):
 garbage-first heap   total 73728K, used 21582K [0x0000000404800000, 0x0000000800000000)
  region size 8192K, 2 young (16384K), 2 survivors (16384K)
 Metaspace       used 25559K, committed 25920K, reserved 1114112K
  class space    used 2767K, committed 2944K, reserved 1048576K
}

